SF:C:\Users\Alex\Git\CS4790\assignment-05-AlexHamlet\BlabberApp\BlabberApp.DataStore\Plugins\InMemory.cs
FN:31,System.Void BlabberApp.DataStore.Plugins.InMemory::Create(BlabberApp.Domain.Interfaces.IEntity)
FNDA:0,System.Void BlabberApp.DataStore.Plugins.InMemory::Create(BlabberApp.Domain.Interfaces.IEntity)
DA:32,0
DA:33,0
DA:34,0
FN:40,System.Collections.IEnumerable BlabberApp.DataStore.Plugins.InMemory::ReadAll()
FNDA:0,System.Collections.IEnumerable BlabberApp.DataStore.Plugins.InMemory::ReadAll()
DA:41,0
DA:42,0
DA:43,0
FN:50,BlabberApp.Domain.Interfaces.IEntity BlabberApp.DataStore.Plugins.InMemory::ReadById(System.Guid)
FNDA:0,BlabberApp.Domain.Interfaces.IEntity BlabberApp.DataStore.Plugins.InMemory::ReadById(System.Guid)
DA:51,0
DA:52,0
DA:53,0
DA:54,0
DA:55,0
DA:56,0
DA:57,0
BRDA:52,57,1,0
BRDA:54,44,0,0
BRDA:54,44,1,0
BRDA:52,57,0,0
FN:66,BlabberApp.Domain.Interfaces.IEntity BlabberApp.DataStore.Plugins.InMemory::ReadByUserEmail(System.String)
FNDA:0,BlabberApp.Domain.Interfaces.IEntity BlabberApp.DataStore.Plugins.InMemory::ReadByUserEmail(System.String)
DA:67,0
DA:68,0
DA:69,0
DA:70,0
DA:71,0
DA:72,0
DA:74,0
DA:75,0
DA:76,0
BRDA:68,57,1,0
BRDA:70,43,0,0
BRDA:70,43,1,0
BRDA:68,57,0,0
FN:82,System.Void BlabberApp.DataStore.Plugins.InMemory::Update(BlabberApp.Domain.Interfaces.IEntity)
FNDA:0,System.Void BlabberApp.DataStore.Plugins.InMemory::Update(BlabberApp.Domain.Interfaces.IEntity)
DA:83,0
DA:84,0
DA:85,0
DA:86,0
FN:92,System.Void BlabberApp.DataStore.Plugins.InMemory::Delete(BlabberApp.Domain.Interfaces.IEntity)
FNDA:0,System.Void BlabberApp.DataStore.Plugins.InMemory::Delete(BlabberApp.Domain.Interfaces.IEntity)
DA:93,0
DA:94,0
DA:95,0
FN:102,System.Collections.IEnumerable BlabberApp.DataStore.Plugins.InMemory::ReadByUserId(System.String)
FNDA:0,System.Collections.IEnumerable BlabberApp.DataStore.Plugins.InMemory::ReadByUserId(System.String)
DA:103,0
DA:104,0
FN:21,System.Void BlabberApp.DataStore.Plugins.InMemory::.ctor()
FNDA:0,System.Void BlabberApp.DataStore.Plugins.InMemory::.ctor()
DA:22,0
DA:23,0
DA:24,0
DA:25,0
LF:35
LH:0
BRF:8
BRH:0
FNF:8
FNH:0
end_of_record
SF:C:\Users\Alex\Git\CS4790\assignment-05-AlexHamlet\BlabberApp\BlabberApp.DataStore\Plugins\MySqlBlab.cs
FN:40,System.Void BlabberApp.DataStore.Plugins.MySqlBlab::Close()
FNDA:0,System.Void BlabberApp.DataStore.Plugins.MySqlBlab::Close()
DA:41,0
DA:42,0
DA:43,0
FN:48,System.Void BlabberApp.DataStore.Plugins.MySqlBlab::Create(BlabberApp.Domain.Interfaces.IEntity)
FNDA:0,System.Void BlabberApp.DataStore.Plugins.MySqlBlab::Create(BlabberApp.Domain.Interfaces.IEntity)
DA:49,0
DA:51,0
DA:52,0
DA:53,0
DA:55,0
DA:56,0
DA:57,0
DA:58,0
DA:59,0
DA:60,0
DA:61,0
DA:62,0
DA:63,0
DA:64,0
DA:65,0
DA:67,0
FN:72,System.Collections.IEnumerable BlabberApp.DataStore.Plugins.MySqlBlab::ReadAll()
FNDA:0,System.Collections.IEnumerable BlabberApp.DataStore.Plugins.MySqlBlab::ReadAll()
DA:73,0
DA:75,0
DA:77,0
DA:78,0
DA:79,0
DA:80,0
DA:82,0
DA:84,0
DA:86,0
DA:87,0
DA:88,0
DA:89,0
DA:91,0
DA:93,0
DA:94,0
DA:95,0
DA:97,0
BRDA:86,109,1,0
BRDA:86,109,0,0
FN:103,BlabberApp.Domain.Interfaces.IEntity BlabberApp.DataStore.Plugins.MySqlBlab::ReadById(System.Guid)
FNDA:0,BlabberApp.Domain.Interfaces.IEntity BlabberApp.DataStore.Plugins.MySqlBlab::ReadById(System.Guid)
DA:104,0
DA:106,0
DA:108,0
DA:109,0
DA:110,0
DA:111,0
DA:113,0
DA:115,0
DA:116,0
DA:118,0
DA:120,0
DA:122,0
DA:123,0
DA:124,0
DA:126,0
FN:132,System.Collections.IEnumerable BlabberApp.DataStore.Plugins.MySqlBlab::ReadByUserId(System.String)
FNDA:0,System.Collections.IEnumerable BlabberApp.DataStore.Plugins.MySqlBlab::ReadByUserId(System.String)
DA:133,0
DA:135,0
DA:137,0
DA:138,0
DA:139,0
DA:140,0
DA:142,0
DA:144,0
DA:146,0
DA:147,0
DA:148,0
DA:149,0
DA:151,0
DA:153,0
DA:154,0
DA:155,0
DA:157,0
BRDA:146,125,1,0
BRDA:146,125,0,0
FN:162,System.Void BlabberApp.DataStore.Plugins.MySqlBlab::Update(BlabberApp.Domain.Interfaces.IEntity)
FNDA:0,System.Void BlabberApp.DataStore.Plugins.MySqlBlab::Update(BlabberApp.Domain.Interfaces.IEntity)
DA:163,0
DA:165,0
DA:166,0
DA:167,0
DA:168,0
DA:169,0
DA:170,0
DA:172,0
FN:178,System.Void BlabberApp.DataStore.Plugins.MySqlBlab::Delete(BlabberApp.Domain.Interfaces.IEntity)
FNDA:1,System.Void BlabberApp.DataStore.Plugins.MySqlBlab::Delete(BlabberApp.Domain.Interfaces.IEntity)
DA:179,1
DA:181,1
DA:182,1
DA:183,1
DA:184,0
DA:185,0
DA:186,0
DA:188,1
FN:22,System.Void BlabberApp.DataStore.Plugins.MySqlBlab::.ctor()
FNDA:1,System.Void BlabberApp.DataStore.Plugins.MySqlBlab::.ctor()
DA:23,1
DA:24,1
DA:27,1
DA:29,1
DA:30,1
DA:31,1
DA:32,0
DA:33,0
DA:34,0
DA:36,1
LF:94
LH:12
BRF:4
BRH:0
FNF:8
FNH:2
end_of_record
SF:C:\Users\Alex\Git\CS4790\assignment-05-AlexHamlet\BlabberApp\BlabberApp.DataStore\Plugins\MySqlContext.cs
FN:16,Microsoft.EntityFrameworkCore.DbSet`1<BlabberApp.Domain.Entities.Blab> BlabberApp.DataStore.Plugins.MySqlContext::get_Blab()
FNDA:0,Microsoft.EntityFrameworkCore.DbSet`1<BlabberApp.Domain.Entities.Blab> BlabberApp.DataStore.Plugins.MySqlContext::get_Blab()
DA:17,0
FN:20,Microsoft.EntityFrameworkCore.DbSet`1<BlabberApp.Domain.Entities.User> BlabberApp.DataStore.Plugins.MySqlContext::get_User()
FNDA:0,Microsoft.EntityFrameworkCore.DbSet`1<BlabberApp.Domain.Entities.User> BlabberApp.DataStore.Plugins.MySqlContext::get_User()
DA:21,0
FN:27,System.Void BlabberApp.DataStore.Plugins.MySqlContext::OnConfiguring(Microsoft.EntityFrameworkCore.DbContextOptionsBuilder)
FNDA:0,System.Void BlabberApp.DataStore.Plugins.MySqlContext::OnConfiguring(Microsoft.EntityFrameworkCore.DbContextOptionsBuilder)
DA:28,0
DA:29,0
DA:30,0
FN:35,System.Void BlabberApp.DataStore.Plugins.MySqlContext::OnModelCreating(Microsoft.EntityFrameworkCore.ModelBuilder)
FNDA:0,System.Void BlabberApp.DataStore.Plugins.MySqlContext::OnModelCreating(Microsoft.EntityFrameworkCore.ModelBuilder)
DA:36,0
DA:37,0
DA:39,0
DA:40,0
DA:41,0
DA:42,0
DA:43,0
DA:44,0
DA:45,0
DA:47,0
DA:48,0
DA:49,0
DA:50,0
DA:51,0
DA:52,0
DA:53,0
DA:54,0
LF:22
LH:0
BRF:0
BRH:0
FNF:4
FNH:0
end_of_record
SF:C:\Users\Alex\Git\CS4790\assignment-05-AlexHamlet\BlabberApp\BlabberApp.DataStore\Plugins\MySqlUser.cs
FN:40,System.Void BlabberApp.DataStore.Plugins.MySqlUser::Close()
FNDA:0,System.Void BlabberApp.DataStore.Plugins.MySqlUser::Close()
DA:41,0
DA:42,0
DA:43,0
FN:48,System.Void BlabberApp.DataStore.Plugins.MySqlUser::Create(BlabberApp.Domain.Interfaces.IEntity)
FNDA:2,System.Void BlabberApp.DataStore.Plugins.MySqlUser::Create(BlabberApp.Domain.Interfaces.IEntity)
DA:49,2
DA:51,2
DA:61,2
DA:62,2
DA:64,2
DA:65,2
DA:66,2
DA:67,2
DA:68,2
DA:69,2
DA:70,2
DA:71,2
DA:72,0
DA:73,0
DA:74,0
DA:76,2
FN:81,System.Collections.IEnumerable BlabberApp.DataStore.Plugins.MySqlUser::ReadAll()
FNDA:0,System.Collections.IEnumerable BlabberApp.DataStore.Plugins.MySqlUser::ReadAll()
DA:82,0
DA:84,0
DA:85,0
DA:86,0
DA:87,0
DA:88,0
DA:90,0
DA:92,0
DA:94,0
DA:95,0
DA:96,0
DA:97,0
DA:99,0
DA:101,0
DA:102,0
DA:103,0
DA:105,0
BRDA:94,120,1,0
BRDA:94,120,0,0
FN:111,BlabberApp.Domain.Interfaces.IEntity BlabberApp.DataStore.Plugins.MySqlUser::ReadById(System.Guid)
FNDA:1,BlabberApp.Domain.Interfaces.IEntity BlabberApp.DataStore.Plugins.MySqlUser::ReadById(System.Guid)
DA:112,1
DA:114,1
DA:115,1
DA:116,1
DA:117,1
DA:118,1
DA:120,1
DA:122,1
DA:124,1
DA:126,0
DA:127,0
DA:128,0
DA:130,1
FN:136,BlabberApp.Domain.Interfaces.IEntity BlabberApp.DataStore.Plugins.MySqlUser::ReadByUserEmail(System.String)
FNDA:1,BlabberApp.Domain.Interfaces.IEntity BlabberApp.DataStore.Plugins.MySqlUser::ReadByUserEmail(System.String)
DA:137,1
DA:139,1
DA:141,1
DA:142,1
DA:143,1
DA:144,1
DA:146,1
DA:148,1
DA:150,1
DA:152,0
DA:153,0
DA:154,0
DA:156,1
FN:161,System.Void BlabberApp.DataStore.Plugins.MySqlUser::Update(BlabberApp.Domain.Interfaces.IEntity)
FNDA:0,System.Void BlabberApp.DataStore.Plugins.MySqlUser::Update(BlabberApp.Domain.Interfaces.IEntity)
DA:162,0
DA:164,0
DA:165,0
DA:166,0
DA:167,0
DA:168,0
DA:170,0
FN:175,System.Void BlabberApp.DataStore.Plugins.MySqlUser::Delete(BlabberApp.Domain.Interfaces.IEntity)
FNDA:3,System.Void BlabberApp.DataStore.Plugins.MySqlUser::Delete(BlabberApp.Domain.Interfaces.IEntity)
DA:176,3
DA:177,3
DA:178,3
DA:179,3
DA:180,3
DA:181,3
DA:182,0
DA:183,0
DA:185,3
FN:191,BlabberApp.Domain.Entities.User BlabberApp.DataStore.Plugins.MySqlUser::DataRow2User(System.Data.DataRow)
FNDA:2,BlabberApp.Domain.Entities.User BlabberApp.DataStore.Plugins.MySqlUser::DataRow2User(System.Data.DataRow)
DA:192,2
DA:193,2
DA:195,2
DA:196,2
DA:197,2
DA:198,2
DA:200,2
DA:201,2
FN:22,System.Void BlabberApp.DataStore.Plugins.MySqlUser::.ctor()
FNDA:3,System.Void BlabberApp.DataStore.Plugins.MySqlUser::.ctor()
DA:23,3
DA:24,3
DA:27,3
DA:29,3
DA:30,3
DA:31,3
DA:32,0
DA:33,0
DA:34,0
DA:36,3
LF:96
LH:55
BRF:2
BRH:0
FNF:9
FNH:6
end_of_record
SF:C:\Users\Alex\Git\CS4790\assignment-05-AlexHamlet\BlabberApp\BlabberApp.DataStore\Adapters\BlabAdapter.cs
FN:25,System.Void BlabberApp.DataStore.Adapters.BlabAdapter::Add(BlabberApp.Domain.Entities.Blab)
FNDA:0,System.Void BlabberApp.DataStore.Adapters.BlabAdapter::Add(BlabberApp.Domain.Entities.Blab)
DA:26,0
DA:27,0
DA:28,0
FN:34,System.Void BlabberApp.DataStore.Adapters.BlabAdapter::Remove(BlabberApp.Domain.Entities.Blab)
FNDA:1,System.Void BlabberApp.DataStore.Adapters.BlabAdapter::Remove(BlabberApp.Domain.Entities.Blab)
DA:35,1
DA:36,1
DA:37,1
FN:43,System.Void BlabberApp.DataStore.Adapters.BlabAdapter::Update(BlabberApp.Domain.Entities.Blab)
FNDA:0,System.Void BlabberApp.DataStore.Adapters.BlabAdapter::Update(BlabberApp.Domain.Entities.Blab)
DA:44,0
DA:45,0
DA:46,0
FN:52,System.Collections.IEnumerable BlabberApp.DataStore.Adapters.BlabAdapter::GetAll()
FNDA:0,System.Collections.IEnumerable BlabberApp.DataStore.Adapters.BlabAdapter::GetAll()
DA:53,0
DA:54,0
DA:55,0
FN:62,BlabberApp.Domain.Entities.Blab BlabberApp.DataStore.Adapters.BlabAdapter::GetById(System.Guid)
FNDA:0,BlabberApp.Domain.Entities.Blab BlabberApp.DataStore.Adapters.BlabAdapter::GetById(System.Guid)
DA:63,0
DA:64,0
DA:65,0
FN:66,System.Collections.IEnumerable BlabberApp.DataStore.Adapters.BlabAdapter::GetByUserId(System.String)
FNDA:0,System.Collections.IEnumerable BlabberApp.DataStore.Adapters.BlabAdapter::GetByUserId(System.String)
DA:67,0
DA:68,0
DA:69,0
FN:16,System.Void BlabberApp.DataStore.Adapters.BlabAdapter::.ctor(BlabberApp.DataStore.Interfaces.IBlabPlugin)
FNDA:1,System.Void BlabberApp.DataStore.Adapters.BlabAdapter::.ctor(BlabberApp.DataStore.Interfaces.IBlabPlugin)
DA:17,1
DA:18,1
DA:19,1
DA:20,1
LF:22
LH:7
BRF:0
BRH:0
FNF:7
FNH:2
end_of_record
SF:C:\Users\Alex\Git\CS4790\assignment-05-AlexHamlet\BlabberApp\BlabberApp.DataStore\Adapters\UserAdapter.cs
FN:26,System.Void BlabberApp.DataStore.Adapters.UserAdapter::Add(BlabberApp.Domain.Entities.User)
FNDA:2,System.Void BlabberApp.DataStore.Adapters.UserAdapter::Add(BlabberApp.Domain.Entities.User)
DA:27,2
DA:28,2
DA:29,2
FN:35,System.Void BlabberApp.DataStore.Adapters.UserAdapter::Remove(BlabberApp.Domain.Entities.User)
FNDA:3,System.Void BlabberApp.DataStore.Adapters.UserAdapter::Remove(BlabberApp.Domain.Entities.User)
DA:36,3
DA:37,3
DA:38,3
FN:44,System.Void BlabberApp.DataStore.Adapters.UserAdapter::Update(BlabberApp.Domain.Entities.User)
FNDA:0,System.Void BlabberApp.DataStore.Adapters.UserAdapter::Update(BlabberApp.Domain.Entities.User)
DA:45,0
DA:46,0
DA:47,0
FN:53,System.Collections.IEnumerable BlabberApp.DataStore.Adapters.UserAdapter::GetAll()
FNDA:0,System.Collections.IEnumerable BlabberApp.DataStore.Adapters.UserAdapter::GetAll()
DA:54,0
DA:55,0
DA:56,0
FN:63,BlabberApp.Domain.Entities.User BlabberApp.DataStore.Adapters.UserAdapter::GetById(System.Guid)
FNDA:1,BlabberApp.Domain.Entities.User BlabberApp.DataStore.Adapters.UserAdapter::GetById(System.Guid)
DA:64,1
DA:65,1
DA:66,1
FN:73,BlabberApp.Domain.Entities.User BlabberApp.DataStore.Adapters.UserAdapter::GetByEmail(System.String)
FNDA:1,BlabberApp.Domain.Entities.User BlabberApp.DataStore.Adapters.UserAdapter::GetByEmail(System.String)
DA:74,1
DA:75,1
DA:76,1
FN:16,System.Void BlabberApp.DataStore.Adapters.UserAdapter::.ctor(BlabberApp.DataStore.Interfaces.IUserPlugin)
FNDA:3,System.Void BlabberApp.DataStore.Adapters.UserAdapter::.ctor(BlabberApp.DataStore.Interfaces.IUserPlugin)
DA:17,3
DA:18,3
DA:19,3
DA:20,3
LF:22
LH:16
BRF:0
BRH:0
FNF:7
FNH:5
end_of_record
SF:C:\Users\Alex\Git\CS4790\assignment-05-AlexHamlet\BlabberApp\BlabberApp.Domain\Entities\Blab.cs
FN:56,System.Guid BlabberApp.Domain.Entities.Blab::get_Id()
FNDA:0,System.Guid BlabberApp.Domain.Entities.Blab::get_Id()
DA:57,0
FN:57,System.DateTime BlabberApp.Domain.Entities.Blab::get_DTTM()
FNDA:0,System.DateTime BlabberApp.Domain.Entities.Blab::get_DTTM()
DA:58,0
FN:58,System.String BlabberApp.Domain.Entities.Blab::get_Message()
FNDA:0,System.String BlabberApp.Domain.Entities.Blab::get_Message()
DA:59,0
FN:59,BlabberApp.Domain.Entities.User BlabberApp.Domain.Entities.Blab::get_User()
FNDA:0,BlabberApp.Domain.Entities.User BlabberApp.Domain.Entities.Blab::get_User()
DA:60,0
FN:16,System.Void BlabberApp.Domain.Entities.Blab::.ctor()
FNDA:0,System.Void BlabberApp.Domain.Entities.Blab::.ctor()
DA:17,0
DA:18,0
DA:19,0
DA:20,0
DA:21,0
DA:22,0
FN:26,System.Void BlabberApp.Domain.Entities.Blab::.ctor(System.String)
FNDA:0,System.Void BlabberApp.Domain.Entities.Blab::.ctor(System.String)
DA:27,0
DA:28,0
DA:29,0
DA:30,0
DA:31,0
DA:32,0
FN:36,System.Void BlabberApp.Domain.Entities.Blab::.ctor(BlabberApp.Domain.Entities.User)
FNDA:0,System.Void BlabberApp.Domain.Entities.Blab::.ctor(BlabberApp.Domain.Entities.User)
DA:37,0
DA:38,0
DA:39,0
DA:40,0
DA:41,0
DA:42,0
FN:47,System.Void BlabberApp.Domain.Entities.Blab::.ctor(System.String,BlabberApp.Domain.Entities.User)
FNDA:1,System.Void BlabberApp.Domain.Entities.Blab::.ctor(System.String,BlabberApp.Domain.Entities.User)
DA:48,1
DA:49,1
DA:50,1
DA:51,1
DA:52,1
DA:53,1
LF:28
LH:6
BRF:0
BRH:0
FNF:8
FNH:1
end_of_record
SF:C:\Users\Alex\Git\CS4790\assignment-05-AlexHamlet\BlabberApp\BlabberApp.Domain\Entities\User.cs
FN:16,System.Guid BlabberApp.Domain.Entities.User::get_Id()
FNDA:18,System.Guid BlabberApp.Domain.Entities.User::get_Id()
DA:17,18
FN:17,System.DateTime BlabberApp.Domain.Entities.User::get_RegisterDTTM()
FNDA:0,System.DateTime BlabberApp.Domain.Entities.User::get_RegisterDTTM()
DA:18,0
FN:18,System.DateTime BlabberApp.Domain.Entities.User::get_LastLoginDTTM()
FNDA:0,System.DateTime BlabberApp.Domain.Entities.User::get_LastLoginDTTM()
DA:19,0
FN:19,System.String BlabberApp.Domain.Entities.User::get_Email()
FNDA:14,System.String BlabberApp.Domain.Entities.User::get_Email()
DA:20,14
FN:41,System.Void BlabberApp.Domain.Entities.User::ChangeEmail(System.String)
FNDA:9,System.Void BlabberApp.Domain.Entities.User::ChangeEmail(System.String)
DA:42,9
DA:43,9
DA:44,0
DA:46,9
DA:47,9
DA:48,9
DA:49,0
DA:50,0
DA:51,0
DA:53,9
DA:54,9
BRDA:43,7,0,9
BRDA:43,7,1,0
BRDA:43,24,0,0
BRDA:43,24,1,9
FN:23,System.Void BlabberApp.Domain.Entities.User::.ctor()
FNDA:2,System.Void BlabberApp.Domain.Entities.User::.ctor()
DA:24,2
DA:25,2
DA:26,2
DA:27,2
FN:31,System.Void BlabberApp.Domain.Entities.User::.ctor(System.String)
FNDA:7,System.Void BlabberApp.Domain.Entities.User::.ctor(System.String)
DA:32,7
DA:33,7
DA:34,7
DA:35,7
DA:36,7
LF:24
LH:18
BRF:4
BRH:2
FNF:7
FNH:5
end_of_record