SF:C:\Users\Alex\Git\CS4790\assignment-05-AlexHamlet\BlabberApp\BlabberApp.Domain\Entities\Blab.cs
FN:56,System.Guid BlabberApp.Domain.Entities.Blab::get_Id()
FNDA:0,System.Guid BlabberApp.Domain.Entities.Blab::get_Id()
DA:57,0
FN:57,System.DateTime BlabberApp.Domain.Entities.Blab::get_DTTM()
FNDA:2,System.DateTime BlabberApp.Domain.Entities.Blab::get_DTTM()
DA:58,2
FN:58,System.String BlabberApp.Domain.Entities.Blab::get_Message()
FNDA:13,System.String BlabberApp.Domain.Entities.Blab::get_Message()
DA:59,13
FN:59,BlabberApp.Domain.Entities.User BlabberApp.Domain.Entities.Blab::get_User()
FNDA:11,BlabberApp.Domain.Entities.User BlabberApp.Domain.Entities.Blab::get_User()
DA:60,11
FN:16,System.Void BlabberApp.Domain.Entities.Blab::.ctor()
FNDA:6,System.Void BlabberApp.Domain.Entities.Blab::.ctor()
DA:17,6
DA:18,6
DA:19,6
DA:20,6
DA:21,6
DA:22,6
FN:26,System.Void BlabberApp.Domain.Entities.Blab::.ctor(System.String)
FNDA:1,System.Void BlabberApp.Domain.Entities.Blab::.ctor(System.String)
DA:27,1
DA:28,1
DA:29,1
DA:30,1
DA:31,1
DA:32,1
FN:36,System.Void BlabberApp.Domain.Entities.Blab::.ctor(BlabberApp.Domain.Entities.User)
FNDA:1,System.Void BlabberApp.Domain.Entities.Blab::.ctor(BlabberApp.Domain.Entities.User)
DA:37,1
DA:38,1
DA:39,1
DA:40,1
DA:41,1
DA:42,1
FN:47,System.Void BlabberApp.Domain.Entities.Blab::.ctor(System.String,BlabberApp.Domain.Entities.User)
FNDA:1,System.Void BlabberApp.Domain.Entities.Blab::.ctor(System.String,BlabberApp.Domain.Entities.User)
DA:48,1
DA:49,1
DA:50,1
DA:51,1
DA:52,1
DA:53,1
LF:28
LH:27
BRF:0
BRH:0
FNF:8
FNH:7
end_of_record
SF:C:\Users\Alex\Git\CS4790\assignment-05-AlexHamlet\BlabberApp\BlabberApp.Domain\Entities\User.cs
FN:16,System.Guid BlabberApp.Domain.Entities.User::get_Id()
FNDA:13,System.Guid BlabberApp.Domain.Entities.User::get_Id()
DA:17,13
FN:17,System.DateTime BlabberApp.Domain.Entities.User::get_RegisterDTTM()
FNDA:0,System.DateTime BlabberApp.Domain.Entities.User::get_RegisterDTTM()
DA:18,0
FN:18,System.DateTime BlabberApp.Domain.Entities.User::get_LastLoginDTTM()
FNDA:0,System.DateTime BlabberApp.Domain.Entities.User::get_LastLoginDTTM()
DA:19,0
FN:19,System.String BlabberApp.Domain.Entities.User::get_Email()
FNDA:2,System.String BlabberApp.Domain.Entities.User::get_Email()
DA:20,2
FN:41,System.Void BlabberApp.Domain.Entities.User::ChangeEmail(System.String)
FNDA:2,System.Void BlabberApp.Domain.Entities.User::ChangeEmail(System.String)
DA:42,2
DA:43,2
DA:44,0
DA:46,2
DA:47,2
DA:48,1
DA:49,1
DA:50,1
DA:51,1
DA:53,1
DA:54,1
BRDA:43,7,0,2
BRDA:43,7,1,0
BRDA:43,24,0,0
BRDA:43,24,1,2
FN:23,System.Void BlabberApp.Domain.Entities.User::.ctor()
FNDA:11,System.Void BlabberApp.Domain.Entities.User::.ctor()
DA:24,11
DA:25,11
DA:26,11
DA:27,11
FN:31,System.Void BlabberApp.Domain.Entities.User::.ctor(System.String)
FNDA:0,System.Void BlabberApp.Domain.Entities.User::.ctor(System.String)
DA:32,0
DA:33,0
DA:34,0
DA:35,0
DA:36,0
LF:24
LH:16
BRF:4
BRH:2
FNF:7
FNH:4
end_of_record